110119 FriedGram grocery 110 20 146
110122 tamarind grocery 35 0 100
110125 OridDall grocery 124 0 149
110140 MedSooji grocery 20 0 100
110144 BeatenRice grocery 58 0 99
110153 ToorDaal grocery 204 0 248
110172 DryGrapes eatables 60 0 200
110199 GroundNut grocery 37 15 320
110208 GreenPeas grocery 30 0 100
110211 BeatenRiceMed grocery 30 0 100
110257 DosaRice grocery 38 0 99
110699 CitricAcid cleaner 12 0 200
110749 Wallnut grocery 65 0 199
230010 IdliRava grocery 45 0 296
230102 VijayRiceFlour grocery 42 0 100
302552 VikasFunWithRaft stationery 60 0 200
308436 ColgateZigZag toiletiers 100 0 300
310057 ColgateAdvanceHealth toiletiers 97 0 248
421015 turmeric grocery 27 0 199
630106 SuperfineInstentShavige grocery 47.5 0 200
731126 hersheySyrub eatables 90 0 250
869071 NescafeSunrire grocery 89 0 193
954516 MTRRavaIdli grocery 65 0 200
964478 MTRMultigrainDosa grocery 125 0 248
