Array
(
    [0] => .
    [1] => ..
    [2] => DBMS.drawio
    [3] => admin.html
    [4] => category.php
    [5] => customer.php
    [6] => dbhome.html
    [7] => delete.php
    [8] => discount.php
    [9] => display.php
    [10] => fail_login.html
    [11] => fail_login.php
    [12] => file.php
    [13] => index.php
    [14] => insert.html
    [15] => insert.php
    [16] => insert_data.php
    [17] => item_search.php
    [18] => itemrecover.php
    [19] => iterate.php
    [20] => logCus.log
    [21] => logEmp.log
    [22] => logHan.log
    [23] => logItems.log
    [24] => logRItems.log
    [25] => logScan.log
    [26] => logScan.txt
    [27] => logTra20191121090957pm.log
    [28] => logTra20191121092509pm.log
    [29] => logTra20191123114453am.log
    [30] => logTra20191128042858pm.log
    [31] => logTra20191128043123pm.log
    [32] => logTra20191128043214pm.log
    [33] => logTra20191128043419pm.log
    [34] => logTra20191128043557pm.log
    [35] => logTra20191128043751pm.log
    [36] => logTra20191201084124pm.log
    [37] => logTra20191201084405pm.log
    [38] => logTra20191201084703pm.log
    [39] => logTra20191201112107pm.log
    [40] => login.php
    [41] => login_create.php
    [42] => login_signup.html
    [43] => login_signup.php
    [44] => login_success.php
    [45] => logout.css
    [46] => logrecover.php
    [47] => master_recovery.php
    [48] => recover.php
    [49] => search.php
    [50] => success_login.html
    [51] => success_login.php
    [52] => successtrans.php
    [53] => supermarket.jpg
    [54] => transaction.php
    [55] => updateItem.php
    [56] => updateQ.php
)
